<?xml version="1.0" encoding="UTF-8"?>
<testng-results ignored="0" total="2" passed="2" failed="0" skipped="0">
  <reporter-output>
    <line>
      <![CDATA[No of rows in Login Sheet:7]]>
    </line>
    <line>
      <![CDATA[Login success : dashboard    http://webapp.qedgetech.com/dashboard.php]]>
    </line>
    <line>
      <![CDATA[Incorrect user ID or password]]>
    </line>
    <line>
      <![CDATA[Login success : dashboard    http://webapp.qedgetech.com/dashboard.php]]>
    </line>
    <line>
      <![CDATA[Login success : dashboard    http://webapp.qedgetech.com/dashboard.php]]>
    </line>
    <line>
      <![CDATA[Incorrect user ID or password]]>
    </line>
    <line>
      <![CDATA[Login success : dashboard    http://webapp.qedgetech.com/dashboard.php]]>
    </line>
    <line>
      <![CDATA[Incorrect user ID or password]]>
    </line>
    <line>
      <![CDATA[No.of rows are : 8]]>
    </line>
    <line>
      <![CDATA[Supplier Add Fail :Supplier-00000000214    Supplier-00000000125]]>
    </line>
    <line>
      <![CDATA[Supplier Add Fail :Supplier-00000000215    Supplier-00000000125]]>
    </line>
    <line>
      <![CDATA[Supplier Add Fail :Supplier-00000000216    Supplier-00000000125]]>
    </line>
    <line>
      <![CDATA[Supplier Add Fail :Supplier-00000000217    Supplier-00000000125]]>
    </line>
    <line>
      <![CDATA[Supplier Add Fail :Supplier-00000000218    Supplier-00000000125]]>
    </line>
    <line>
      <![CDATA[Supplier Add Fail :Supplier-00000000219    Supplier-00000000125]]>
    </line>
    <line>
      <![CDATA[Supplier Add Fail :Supplier-00000000220    Supplier-00000000125]]>
    </line>
    <line>
      <![CDATA[Supplier Add Fail :Supplier-00000000221    Supplier-00000000125]]>
    </line>
  </reporter-output>
  <suite started-at="2023-12-04T12:44:34 IST" name="Default suite" finished-at="2023-12-04T12:47:32 IST" duration-ms="178144">
    <groups>
    </groups>
    <test started-at="2023-12-04T12:44:34 IST" name="Default test" finished-at="2023-12-04T12:47:32 IST" duration-ms="178144">
      <class name="config.AppUtil1">
        <test-method is-config="true" signature="setUp()[pri:0, instance:config.AppUtil1@2a65fe7c]" started-at="2023-12-04T12:44:37 IST" name="setUp" finished-at="2023-12-04T12:44:41 IST" duration-ms="4254" status="PASS">
          <reporter-output>
          </reporter-output>
        </test-method> <!-- setUp -->
        <test-method is-config="true" signature="tearDown()[pri:0, instance:config.AppUtil1@2a65fe7c]" started-at="2023-12-04T12:47:31 IST" name="tearDown" finished-at="2023-12-04T12:47:32 IST" duration-ms="931" status="PASS">
          <reporter-output>
          </reporter-output>
        </test-method> <!-- tearDown -->
      </class> <!-- config.AppUtil1 -->
      <class name="commonFunctions.FunctionLibrary">
        <test-method is-config="true" signature="setUp()[pri:0, instance:commonFunctions.FunctionLibrary@128d2484]" started-at="2023-12-04T12:44:34 IST" name="setUp" finished-at="2023-12-04T12:44:37 IST" duration-ms="2878" status="PASS">
          <reporter-output>
          </reporter-output>
        </test-method> <!-- setUp -->
        <test-method is-config="true" signature="tearDown()[pri:0, instance:commonFunctions.FunctionLibrary@128d2484]" started-at="2023-12-04T12:47:31 IST" name="tearDown" finished-at="2023-12-04T12:47:31 IST" duration-ms="334" status="PASS">
          <reporter-output>
          </reporter-output>
        </test-method> <!-- tearDown -->
      </class> <!-- commonFunctions.FunctionLibrary -->
      <class name="driverFactory.AppTest">
        <test-method signature="startTest()[pri:0, instance:driverFactory.AppTest@7b98f307]" started-at="2023-12-04T12:44:41 IST" name="startTest" finished-at="2023-12-04T12:45:25 IST" duration-ms="43304" status="PASS">
          <reporter-output>
            <line>
              <![CDATA[No of rows in Login Sheet:7]]>
            </line>
            <line>
              <![CDATA[Login success : dashboard    http://webapp.qedgetech.com/dashboard.php]]>
            </line>
            <line>
              <![CDATA[Incorrect user ID or password]]>
            </line>
            <line>
              <![CDATA[Login success : dashboard    http://webapp.qedgetech.com/dashboard.php]]>
            </line>
            <line>
              <![CDATA[Login success : dashboard    http://webapp.qedgetech.com/dashboard.php]]>
            </line>
            <line>
              <![CDATA[Incorrect user ID or password]]>
            </line>
            <line>
              <![CDATA[Login success : dashboard    http://webapp.qedgetech.com/dashboard.php]]>
            </line>
            <line>
              <![CDATA[Incorrect user ID or password]]>
            </line>
          </reporter-output>
        </test-method> <!-- startTest -->
      </class> <!-- driverFactory.AppTest -->
      <class name="driverFactory.DriverScript">
        <test-method signature="startTest()[pri:0, instance:driverFactory.DriverScript@4802796d]" started-at="2023-12-04T12:45:25 IST" name="startTest" finished-at="2023-12-04T12:47:31 IST" duration-ms="126357" status="PASS">
          <reporter-output>
            <line>
              <![CDATA[No.of rows are : 8]]>
            </line>
            <line>
              <![CDATA[Supplier Add Fail :Supplier-00000000214    Supplier-00000000125]]>
            </line>
            <line>
              <![CDATA[Supplier Add Fail :Supplier-00000000215    Supplier-00000000125]]>
            </line>
            <line>
              <![CDATA[Supplier Add Fail :Supplier-00000000216    Supplier-00000000125]]>
            </line>
            <line>
              <![CDATA[Supplier Add Fail :Supplier-00000000217    Supplier-00000000125]]>
            </line>
            <line>
              <![CDATA[Supplier Add Fail :Supplier-00000000218    Supplier-00000000125]]>
            </line>
            <line>
              <![CDATA[Supplier Add Fail :Supplier-00000000219    Supplier-00000000125]]>
            </line>
            <line>
              <![CDATA[Supplier Add Fail :Supplier-00000000220    Supplier-00000000125]]>
            </line>
            <line>
              <![CDATA[Supplier Add Fail :Supplier-00000000221    Supplier-00000000125]]>
            </line>
          </reporter-output>
        </test-method> <!-- startTest -->
      </class> <!-- driverFactory.DriverScript -->
    </test> <!-- Default test -->
  </suite> <!-- Default suite -->
</testng-results>
